<?xml version="1.0" encoding="UTF-8"?>
<!-- Generated by org.testng.reporters.JUnitReportReporter -->
<testsuite hostname="Paritosh-PC" failures="0" tests="1" name="apiTest.EndToEndTest" time="3.785" errors="0" timestamp="21 Jul 2023 08:01:51 GMT" skipped="0">
  <testcase classname="apiTest.EndToEndTest" name="testCases" time="3.785"/>
</testsuite> <!-- apiTest.EndToEndTest -->
